0 info it worked if it ends with ok
<<<<<<< HEAD
1 verbose cli [ '/usr/bin/node', '/usr/bin/npm', 'start' ]
2 info using npm@1.4.28
3 info using node@v0.10.37
4 verbose node symlink /usr/bin/node
5 verbose run-script [ 'prestart', 'start', 'poststart' ]
6 info prestart adminPlan@0.0.0
7 info start adminPlan@0.0.0
8 verbose unsafe-perm in lifecycle true
9 info adminPlan@0.0.0 Failed to exec start script
10 error adminPlan@0.0.0 start: `node ./bin/www`
10 error Exit status 8
11 error Failed at the adminPlan@0.0.0 start script.
11 error This is most likely a problem with the adminPlan package,
11 error not with npm itself.
11 error Tell the author that this fails on your system:
11 error     node ./bin/www
11 error You can get their info via:
11 error     npm owner ls adminPlan
11 error There is likely additional logging output above.
12 error System Linux 3.13.0-63-generic
13 error command "/usr/bin/node" "/usr/bin/npm" "start"
14 error cwd /home/darhamid/packManagement
15 error node -v v0.10.37
16 error npm -v 1.4.28
17 error code ELIFECYCLE
18 verbose exit [ 1, true ]
=======
1 verbose cli [ 'C:\\Program Files\\nodejs\\\\node.exe',
1 verbose cli   'C:\\Program Files\\nodejs\\node_modules\\npm\\bin\\npm-cli.js',
1 verbose cli   'start' ]
2 info using npm@2.11.3
3 info using node@v0.12.7
4 verbose run-script [ 'prestart', 'start', 'poststart' ]
5 info prestart adminPlan@0.0.0
6 info start adminPlan@0.0.0
7 verbose unsafe-perm in lifecycle true
8 info adminPlan@0.0.0 Failed to exec start script
9 verbose stack Error: adminPlan@0.0.0 start: `node ./bin/www`
9 verbose stack Exit status 1
9 verbose stack     at EventEmitter.<anonymous> (C:\Program Files\nodejs\node_modules\npm\lib\utils\lifecycle.js:213:16)
9 verbose stack     at EventEmitter.emit (events.js:110:17)
9 verbose stack     at ChildProcess.<anonymous> (C:\Program Files\nodejs\node_modules\npm\lib\utils\spawn.js:24:14)
9 verbose stack     at ChildProcess.emit (events.js:110:17)
9 verbose stack     at maybeClose (child_process.js:1015:16)
9 verbose stack     at Process.ChildProcess._handle.onexit (child_process.js:1087:5)
10 verbose pkgid adminPlan@0.0.0
11 verbose cwd C:\wamp\www\iconPackManagement
12 error Windows_NT 6.3.9600
13 error argv "C:\\Program Files\\nodejs\\\\node.exe" "C:\\Program Files\\nodejs\\node_modules\\npm\\bin\\npm-cli.js" "start"
14 error node v0.12.7
15 error npm  v2.11.3
16 error code ELIFECYCLE
17 error adminPlan@0.0.0 start: `node ./bin/www`
17 error Exit status 1
18 error Failed at the adminPlan@0.0.0 start script 'node ./bin/www'.
18 error This is most likely a problem with the adminPlan package,
18 error not with npm itself.
18 error Tell the author that this fails on your system:
18 error     node ./bin/www
18 error You can get their info via:
18 error     npm owner ls adminPlan
18 error There is likely additional logging output above.
19 verbose exit [ 1, true ]
>>>>>>> 4b7cb36a9a49f101e2a0c7caba524acbbc8a7ef7
